The 1 day is coming... Good morning, our citizens!
Player 1 is alive
Player 2 is alive
Player 3 is not alive
Player 4 is alive
Player 5 is alive
Player 6 is alive
Player 7 is not alive
Player 8 is alive
Player 9 is alive
Player 10 is alive
Player 11 is alive
Player 12 is alive
Player 13 is alive
The Villager (player 13) voted for player number 1.
You selected player 6
The Sherif (player 2) voted for player number 5 (because he knows, who mafia is).
The Maniac (player 4) voted for player number 6.
The Lier (player 5) voted for player number 11.
The Mafia (player 6) voted for player number 10.
The Mafia (player 8) voted for player number 4.
The Villager (player 9) voted for player number 4.
The Villager (player 10) voted for player number 11.
The Villager (player 11) voted for player number 4.
The Villager (player 12) voted for player number 2.
Player 1 says: Hmm... I really think it is 6
Player 2 says: Maaaaaybe 5
Player 4 says: I know, that this is 6
Player 5 says: It. Was. 11
Player 6 says: It. Was. 10
Player 8 says: I know, that this is 4
Player 9 says: You know... I think i've heard something tonight from 4
Player 10 says: I don't want to vote... But okay, 11
Player 11 says: We all know, that this is 4
Player 12 is under bully's joke, so: 
Player 12 says: ᕕ(╭ರ╭ ͟ʖ╮•́)⊃¤=(————-
Player 12 says: ヽ༼ ຈل͜ຈ༼ ▀̿̿Ĺ̯̿̿▀̿ ̿༽Ɵ͆ل͜Ɵ͆ ༽ﾉ
Player 12 says: ヽ༼ ຈل͜ຈ༼ ▀̿̿Ĺ̯̿̿▀̿ ̿༽Ɵ͆ل͜Ɵ͆ ༽ﾉ
Player 13 says: Maaaaaybe 1
To the jail player 4 was sent. He was a Maniac by the way.
