The 2 day is coming... Good morning, our citizens!
Player 1 is alive
Player 2 is alive
Player 3 is alive
Player 4 is not alive
Player 5 is alive
Player 6 is alive
Player 7 is alive
Player 8 is alive
Player 9 is alive
Player 10 is alive
Player 11 is not alive
Player 12 is not alive
Player 13 is not alive
You selected player 3
The Drunker (player 2) voted for player number 8.
The Lier (player 3) voted for player number 8.
The Villager (player 5) voted for player number 2.
The Villager (player 6) voted for player number 1.
The Mafia (player 7) voted for player number 8.
The Maniac (player 8) voted for player number 7.
The Doctor (player 9) voted for player number 7.
The Villager (player 10) voted for player number 1.
Player 1 says: DEFENETLY 3
Player 2 is under bully's joke, so: 
Player 2 says: ヽ༼ ຈل͜ຈ༼ ▀̿̿Ĺ̯̿̿▀̿ ̿༽Ɵ͆ل͜Ɵ͆ ༽ﾉ
Player 2 says: ʕノ•ᴥ•ʔノ ︵ ┻━┻
Player 2 says: ┌( ͝° ͜ʖ͡°)=ε/̵͇̿̿/’̿’̿ ̿
Player 3 says: You know... I think i've heard something tonight from 8
Player 5 says: You know... I think i've heard something tonight from 2
Player 6 says: Yeah, yeah, 1
Player 7 says: Hmm... I really think it is 8
Player 8 says: I don't want to vote... But okay, 7
Player 9 says: I don't want to vote... But okay, 7
Player 10 says: Well well well... 1
To the jail player 7 was sent. He was a Mafia by the way.
