The 3 day is coming... Good morning, our citizens!
Player 1 is not alive
Player 2 is alive
Player 3 is not alive
Player 4 is alive
Player 5 is alive
Player 6 is not alive
Player 7 is not alive
Player 8 is not alive
Player 9 is not alive
Player 10 is not alive
Player 11 is not alive
Player 12 is not alive
Player 13 is alive
The Villager (player 13) voted for player number 2.
You're dead.
The Villager (player 2) voted for player number 5.
The Doctor (player 4) voted for player number 5.
The Lier (player 5) voted for player number 2.
Player 2 says: It. Was. 5
Player 4 says: I don't want to vote... But okay, 5
Player 5 says: You know... I think i've heard something tonight from 2
Player 13 says: I know, that this is 2
To the jail player 2 was sent. He was a Villager by the way.
