The 3 night is coming... The city goes to sleep...
Player 1 is not alive
Player 2 is alive
Player 3 is not alive
Player 4 is alive
Player 5 is alive
Player 6 is alive
The Lier got up (player 5).
The Lier (player 5) chose player number 10 and lied about him.
Player 7 is not alive
The Lier (player 5) voted for player number 6 at mafia voting.
Player 8 is not alive
Player 9 is not alive
Player 10 is alive
Player 11 is not alive
Player 12 is not alive
Player 13 is alive
The Villager slept all night (player 13).
You're dead.
The Villager slept all night (player 2).
The Doctor got up (player 4).
The Doctor chose player number 2 and went to check his health.
The Maniac got up (player 6).
The Maniac chose player number 10 and went to him.
The Villager slept all night (player 10).
The Holder made final results:
Mafia killed player number 6 tonight. He was a Maniac.
Maniac killed player number 10 tonight. He was a Villager.
Doctor went to player 2 tonight.
