The 4 day is coming... Good morning, our citizens!
Player 1 is not alive
Player 2 is not alive
Player 3 is not alive
Player 4 is alive
Player 5 is alive
Player 6 is not alive
Player 7 is not alive
Player 8 is not alive
Player 9 is not alive
Player 10 is not alive
Player 11 is not alive
Player 12 is not alive
Player 13 is alive
The Villager (player 13) voted for player number 4.
You're dead.
The Doctor (player 4) voted for player number 5.
The Lier (player 5) voted for player number 13.
Player 4 says: Maaaaaybe 5
Player 5 says: Yeah, yeah, 13
Player 13 says: Yeah, yeah, 4
To the jail player 4 was sent. He was a Doctor by the way.
