The 4 night is coming... The city goes to sleep...
Player 1 is alive
Player 2 is alive
Player 3 is not alive
The Drunker got up (player 2).
Player 4 is not alive
The Drunker decided go to bed this night.
Player 5 is not alive
Player 6 is alive
Player 7 is not alive
Player 8 is alive
Player 9 is not alive
Player 10 is alive
Player 11 is not alive
Player 12 is not alive
Player 13 is not alive
You woke up this night...
You decided to check.
Player 10 isn't from mafia family
The Villager slept all night (player 6).
The Villager slept all night (player 10).
The Maniac got up (player 8).
The Maniac chose player number 10 and went to him.
The Holder made final results:
Maniac killed player number 10 tonight. He was a Villager.
